Analysis & Synthesis report for cpu
Mon May 09 03:45:17 2016
Quartus II 64-Bit Version 13.0.1 Build 232 06/12/2013 Service Pack 1 SJ Web Edition


---------------------
; Table of Contents ;
---------------------
  1. Legal Notice
  2. Analysis & Synthesis Summary
  3. Analysis & Synthesis Settings
  4. Parallel Compilation
  5. Analysis & Synthesis Source Files Read
  6. Analysis & Synthesis Resource Usage Summary
  7. Analysis & Synthesis Resource Utilization by Entity
  8. Registers Removed During Synthesis
  9. General Register Statistics
 10. Inverted Register Statistics
 11. Multiplexer Restructuring Statistics (Restructuring Performed)
 12. Parameter Settings for Inferred Entity Instance: setImmValueDisplay:immDis1|lpm_divide:Div1
 13. Parameter Settings for Inferred Entity Instance: setImmValueDisplay:immDis1|lpm_divide:Mod2
 14. Parameter Settings for Inferred Entity Instance: setDisplay:stage1|lpm_divide:Div1
 15. Parameter Settings for Inferred Entity Instance: setDisplay:stage1|lpm_divide:Mod2
 16. Parameter Settings for Inferred Entity Instance: setImmValueDisplay:immDis1|lpm_divide:Div0
 17. Parameter Settings for Inferred Entity Instance: setImmValueDisplay:immDis1|lpm_divide:Mod1
 18. Parameter Settings for Inferred Entity Instance: setDisplay:stage1|lpm_divide:Div0
 19. Parameter Settings for Inferred Entity Instance: setDisplay:stage1|lpm_divide:Mod1
 20. Parameter Settings for Inferred Entity Instance: setImmValueDisplay:immDis1|lpm_divide:Mod0
 21. Parameter Settings for Inferred Entity Instance: setDisplay:stage1|lpm_divide:Mod0
 22. Port Connectivity Checks: "setDisplay:stage1"
 23. Port Connectivity Checks: "setRegDisplay:regDis2"
 24. Port Connectivity Checks: "setRegDisplay:regDis1"
 25. Elapsed Time Per Partition
 26. Analysis & Synthesis Messages
 27. Analysis & Synthesis Suppressed Messages



----------------
; Legal Notice ;
----------------
Copyright (C) 1991-2013 Altera Corporation
Your use of Altera Corporation's design tools, logic functions 
and other software and tools, and its AMPP partner logic 
functions, and any output files from any of the foregoing 
(including device programming or simulation files), and any 
associated documentation or information are expressly subject 
to the terms and conditions of the Altera Program License 
Subscription Agreement, Altera MegaCore Function License 
Agreement, or other applicable license agreement, including, 
without limitation, that your use is for the sole purpose of 
programming logic devices manufactured by Altera and sold by 
Altera or its authorized distributors.  Please refer to the 
applicable agreement for further details.



+--------------------------------------------------------------------------------------+
; Analysis & Synthesis Summary                                                         ;
+------------------------------------+-------------------------------------------------+
; Analysis & Synthesis Status        ; Successful - Mon May 09 03:45:17 2016           ;
; Quartus II 64-Bit Version          ; 13.0.1 Build 232 06/12/2013 SP 1 SJ Web Edition ;
; Revision Name                      ; cpu                                             ;
; Top-level Entity Name              ; cpu                                             ;
; Family                             ; Cyclone III                                     ;
; Total logic elements               ; 976                                             ;
;     Total combinational functions  ; 920                                             ;
;     Dedicated logic registers      ; 244                                             ;
; Total registers                    ; 244                                             ;
; Total pins                         ; 45                                              ;
; Total virtual pins                 ; 0                                               ;
; Total memory bits                  ; 0                                               ;
; Embedded Multiplier 9-bit elements ; 0                                               ;
; Total PLLs                         ; 0                                               ;
+------------------------------------+-------------------------------------------------+


+----------------------------------------------------------------------------------------------------------------------+
; Analysis & Synthesis Settings                                                                                        ;
+----------------------------------------------------------------------------+--------------------+--------------------+
; Option                                                                     ; Setting            ; Default Value      ;
+----------------------------------------------------------------------------+--------------------+--------------------+
; Device                                                                     ; EP3C16F484C6       ;                    ;
; Top-level entity name                                                      ; cpu                ; cpu                ;
; Family name                                                                ; Cyclone III        ; Cyclone IV GX      ;
; Verilog Show LMF Mapping Messages                                          ; Off                ;                    ;
; Verilog Version                                                            ; SystemVerilog_2005 ; Verilog_2001       ;
; Use smart compilation                                                      ; Off                ; Off                ;
; Enable parallel Assembler and TimeQuest Timing Analyzer during compilation ; On                 ; On                 ;
; Enable compact report table                                                ; Off                ; Off                ;
; Restructure Multiplexers                                                   ; Auto               ; Auto               ;
; Create Debugging Nodes for IP Cores                                        ; Off                ; Off                ;
; Preserve fewer node names                                                  ; On                 ; On                 ;
; Disable OpenCore Plus hardware evaluation                                  ; Off                ; Off                ;
; VHDL Version                                                               ; VHDL_1993          ; VHDL_1993          ;
; State Machine Processing                                                   ; Auto               ; Auto               ;
; Safe State Machine                                                         ; Off                ; Off                ;
; Extract Verilog State Machines                                             ; On                 ; On                 ;
; Extract VHDL State Machines                                                ; On                 ; On                 ;
; Ignore Verilog initial constructs                                          ; Off                ; Off                ;
; Iteration limit for constant Verilog loops                                 ; 5000               ; 5000               ;
; Iteration limit for non-constant Verilog loops                             ; 250                ; 250                ;
; Add Pass-Through Logic to Inferred RAMs                                    ; On                 ; On                 ;
; Infer RAMs from Raw Logic                                                  ; On                 ; On                 ;
; Parallel Synthesis                                                         ; On                 ; On                 ;
; DSP Block Balancing                                                        ; Auto               ; Auto               ;
; NOT Gate Push-Back                                                         ; On                 ; On                 ;
; Power-Up Don't Care                                                        ; On                 ; On                 ;
; Remove Redundant Logic Cells                                               ; Off                ; Off                ;
; Remove Duplicate Registers                                                 ; On                 ; On                 ;
; Ignore CARRY Buffers                                                       ; Off                ; Off                ;
; Ignore CASCADE Buffers                                                     ; Off                ; Off                ;
; Ignore GLOBAL Buffers                                                      ; Off                ; Off                ;
; Ignore ROW GLOBAL Buffers                                                  ; Off                ; Off                ;
; Ignore LCELL Buffers                                                       ; Off                ; Off                ;
; Ignore SOFT Buffers                                                        ; On                 ; On                 ;
; Limit AHDL Integers to 32 Bits                                             ; Off                ; Off                ;
; Optimization Technique                                                     ; Balanced           ; Balanced           ;
; Carry Chain Length                                                         ; 70                 ; 70                 ;
; Auto Carry Chains                                                          ; On                 ; On                 ;
; Auto Open-Drain Pins                                                       ; On                 ; On                 ;
; Perform WYSIWYG Primitive Resynthesis                                      ; Off                ; Off                ;
; Auto ROM Replacement                                                       ; On                 ; On                 ;
; Auto RAM Replacement                                                       ; On                 ; On                 ;
; Auto DSP Block Replacement                                                 ; On                 ; On                 ;
; Auto Shift Register Replacement                                            ; Auto               ; Auto               ;
; Allow Shift Register Merging across Hierarchies                            ; Auto               ; Auto               ;
; Auto Clock Enable Replacement                                              ; On                 ; On                 ;
; Strict RAM Replacement                                                     ; Off                ; Off                ;
; Allow Synchronous Control Signals                                          ; On                 ; On                 ;
; Force Use of Synchronous Clear Signals                                     ; Off                ; Off                ;
; Auto RAM Block Balancing                                                   ; On                 ; On                 ;
; Auto RAM to Logic Cell Conversion                                          ; Off                ; Off                ;
; Auto Resource Sharing                                                      ; Off                ; Off                ;
; Allow Any RAM Size For Recognition                                         ; Off                ; Off                ;
; Allow Any ROM Size For Recognition                                         ; Off                ; Off                ;
; Allow Any Shift Register Size For Recognition                              ; Off                ; Off                ;
; Use LogicLock Constraints during Resource Balancing                        ; On                 ; On                 ;
; Ignore translate_off and synthesis_off directives                          ; Off                ; Off                ;
; Timing-Driven Synthesis                                                    ; On                 ; On                 ;
; Report Parameter Settings                                                  ; On                 ; On                 ;
; Report Source Assignments                                                  ; On                 ; On                 ;
; Report Connectivity Checks                                                 ; On                 ; On                 ;
; Ignore Maximum Fan-Out Assignments                                         ; Off                ; Off                ;
; Synchronization Register Chain Length                                      ; 2                  ; 2                  ;
; PowerPlay Power Optimization                                               ; Normal compilation ; Normal compilation ;
; HDL message level                                                          ; Level2             ; Level2             ;
; Suppress Register Optimization Related Messages                            ; Off                ; Off                ;
; Number of Removed Registers Reported in Synthesis Report                   ; 5000               ; 5000               ;
; Number of Swept Nodes Reported in Synthesis Report                         ; 5000               ; 5000               ;
; Number of Inverted Registers Reported in Synthesis Report                  ; 100                ; 100                ;
; Clock MUX Protection                                                       ; On                 ; On                 ;
; Auto Gated Clock Conversion                                                ; Off                ; Off                ;
; Block Design Naming                                                        ; Auto               ; Auto               ;
; SDC constraint protection                                                  ; Off                ; Off                ;
; Synthesis Effort                                                           ; Auto               ; Auto               ;
; Shift Register Replacement - Allow Asynchronous Clear Signal               ; On                 ; On                 ;
; Pre-Mapping Resynthesis Optimization                                       ; Off                ; Off                ;
; Analysis & Synthesis Message Level                                         ; Medium             ; Medium             ;
; Disable Register Merging Across Hierarchies                                ; Auto               ; Auto               ;
; Resource Aware Inference For Block RAM                                     ; On                 ; On                 ;
; Synthesis Seed                                                             ; 1                  ; 1                  ;
+----------------------------------------------------------------------------+--------------------+--------------------+


Parallel compilation was disabled, but you have multiple processors available. Enable parallel compilation to reduce compilation time.
+-------------------------------------+
; Parallel Compilation                ;
+----------------------------+--------+
; Processors                 ; Number ;
+----------------------------+--------+
; Number detected on machine ; 4      ;
; Maximum allowed            ; 1      ;
+----------------------------+--------+


+---------------------------------------------------------------------------------------------------------------------------------------------------------------------+
; Analysis & Synthesis Source Files Read                                                                                                                              ;
+----------------------------------+-----------------+------------------------------+-----------------------------------------------------------------------+---------+
; File Name with User-Entered Path ; Used in Netlist ; File Type                    ; File Name with Absolute Path                                          ; Library ;
+----------------------------------+-----------------+------------------------------+-----------------------------------------------------------------------+---------+
; display.v                        ; yes             ; User Verilog HDL File        ; C:/Users/Jake/Desktop/cpu-project/display.v                           ;         ;
; instructionFetcher.v             ; yes             ; User Verilog HDL File        ; C:/Users/Jake/Desktop/cpu-project/instructionFetcher.v                ;         ;
; alu.v                            ; yes             ; User Verilog HDL File        ; C:/Users/Jake/Desktop/cpu-project/alu.v                               ;         ;
; cpu.v                            ; yes             ; Auto-Found Verilog HDL File  ; C:/Users/Jake/Desktop/cpu-project/cpu.v                               ;         ;
; lpm_divide.tdf                   ; yes             ; Megafunction                 ; c:/altera/13.0sp1/quartus/libraries/megafunctions/lpm_divide.tdf      ;         ;
; abs_divider.inc                  ; yes             ; Megafunction                 ; c:/altera/13.0sp1/quartus/libraries/megafunctions/abs_divider.inc     ;         ;
; sign_div_unsign.inc              ; yes             ; Megafunction                 ; c:/altera/13.0sp1/quartus/libraries/megafunctions/sign_div_unsign.inc ;         ;
; aglobal130.inc                   ; yes             ; Megafunction                 ; c:/altera/13.0sp1/quartus/libraries/megafunctions/aglobal130.inc      ;         ;
; db/lpm_divide_nhm.tdf            ; yes             ; Auto-Generated Megafunction  ; C:/Users/Jake/Desktop/cpu-project/db/lpm_divide_nhm.tdf               ;         ;
; db/sign_div_unsign_olh.tdf       ; yes             ; Auto-Generated Megafunction  ; C:/Users/Jake/Desktop/cpu-project/db/sign_div_unsign_olh.tdf          ;         ;
; db/alt_u_div_r5f.tdf             ; yes             ; Auto-Generated Megafunction  ; C:/Users/Jake/Desktop/cpu-project/db/alt_u_div_r5f.tdf                ;         ;
; db/add_sub_unc.tdf               ; yes             ; Auto-Generated Megafunction  ; C:/Users/Jake/Desktop/cpu-project/db/add_sub_unc.tdf                  ;         ;
; db/add_sub_vnc.tdf               ; yes             ; Auto-Generated Megafunction  ; C:/Users/Jake/Desktop/cpu-project/db/add_sub_vnc.tdf                  ;         ;
; db/lpm_divide_98m.tdf            ; yes             ; Auto-Generated Megafunction  ; C:/Users/Jake/Desktop/cpu-project/db/lpm_divide_98m.tdf               ;         ;
; db/sign_div_unsign_7kh.tdf       ; yes             ; Auto-Generated Megafunction  ; C:/Users/Jake/Desktop/cpu-project/db/sign_div_unsign_7kh.tdf          ;         ;
; db/alt_u_div_p2f.tdf             ; yes             ; Auto-Generated Megafunction  ; C:/Users/Jake/Desktop/cpu-project/db/alt_u_div_p2f.tdf                ;         ;
; db/lpm_divide_d8m.tdf            ; yes             ; Auto-Generated Megafunction  ; C:/Users/Jake/Desktop/cpu-project/db/lpm_divide_d8m.tdf               ;         ;
; db/sign_div_unsign_bkh.tdf       ; yes             ; Auto-Generated Megafunction  ; C:/Users/Jake/Desktop/cpu-project/db/sign_div_unsign_bkh.tdf          ;         ;
; db/alt_u_div_13f.tdf             ; yes             ; Auto-Generated Megafunction  ; C:/Users/Jake/Desktop/cpu-project/db/alt_u_div_13f.tdf                ;         ;
+----------------------------------+-----------------+------------------------------+-----------------------------------------------------------------------+---------+


+-----------------------------------------------------------+
; Analysis & Synthesis Resource Usage Summary               ;
+---------------------------------------------+-------------+
; Resource                                    ; Usage       ;
+---------------------------------------------+-------------+
; Estimated Total logic elements              ; 976         ;
;                                             ;             ;
; Total combinational functions               ; 920         ;
; Logic element usage by number of LUT inputs ;             ;
;     -- 4 input functions                    ; 330         ;
;     -- 3 input functions                    ; 309         ;
;     -- <=2 input functions                  ; 281         ;
;                                             ;             ;
; Logic elements by mode                      ;             ;
;     -- normal mode                          ; 737         ;
;     -- arithmetic mode                      ; 183         ;
;                                             ;             ;
; Total registers                             ; 244         ;
;     -- Dedicated logic registers            ; 244         ;
;     -- I/O registers                        ; 0           ;
;                                             ;             ;
; I/O pins                                    ; 45          ;
; Embedded Multiplier 9-bit elements          ; 0           ;
; Maximum fan-out node                        ; clock~input ;
; Maximum fan-out                             ; 221         ;
; Total fan-out                               ; 3594        ;
; Average fan-out                             ; 2.87        ;
+---------------------------------------------+-------------+


+--------------------------------------------------------------------------------------------------------------------------------------------------------------------------------------------------------------------------------------------------------------------------------------------------------+
; Analysis & Synthesis Resource Utilization by Entity                                                                                                                                                                                                                                                    ;
+-------------------------------------------+-------------------+--------------+-------------+--------------+---------+-----------+------+--------------+---------------------------------------------------------------------------------------------------------------------------------+--------------+
; Compilation Hierarchy Node                ; LC Combinationals ; LC Registers ; Memory Bits ; DSP Elements ; DSP 9x9 ; DSP 18x18 ; Pins ; Virtual Pins ; Full Hierarchy Name                                                                                                             ; Library Name ;
+-------------------------------------------+-------------------+--------------+-------------+--------------+---------+-----------+------+--------------+---------------------------------------------------------------------------------------------------------------------------------+--------------+
; |cpu                                      ; 920 (48)          ; 244 (32)     ; 0           ; 0            ; 0       ; 0         ; 45   ; 0            ; |cpu                                                                                                                            ; work         ;
;    |alu:comb_197|                         ; 297 (297)         ; 66 (66)      ; 0           ; 0            ; 0       ; 0         ; 0    ; 0            ; |cpu|alu:comb_197                                                                                                               ; work         ;
;    |instructionFetcher:comb_195|          ; 3 (3)             ; 37 (37)      ; 0           ; 0            ; 0       ; 0         ; 0    ; 0            ; |cpu|instructionFetcher:comb_195                                                                                                ; work         ;
;    |instructionMemory:comb_196|           ; 6 (6)             ; 22 (22)      ; 0           ; 0            ; 0       ; 0         ; 0    ; 0            ; |cpu|instructionMemory:comb_196                                                                                                 ; work         ;
;    |setDisplay:stage1|                    ; 286 (80)          ; 29 (29)      ; 0           ; 0            ; 0       ; 0         ; 0    ; 0            ; |cpu|setDisplay:stage1                                                                                                          ; work         ;
;       |lpm_divide:Div0|                   ; 92 (0)            ; 0 (0)        ; 0           ; 0            ; 0       ; 0         ; 0    ; 0            ; |cpu|setDisplay:stage1|lpm_divide:Div0                                                                                          ; work         ;
;          |lpm_divide_nhm:auto_generated|  ; 92 (0)            ; 0 (0)        ; 0           ; 0            ; 0       ; 0         ; 0    ; 0            ; |cpu|setDisplay:stage1|lpm_divide:Div0|lpm_divide_nhm:auto_generated                                                            ; work         ;
;             |sign_div_unsign_olh:divider| ; 92 (0)            ; 0 (0)        ; 0           ; 0            ; 0       ; 0         ; 0    ; 0            ; |cpu|setDisplay:stage1|lpm_divide:Div0|lpm_divide_nhm:auto_generated|sign_div_unsign_olh:divider                                ; work         ;
;                |alt_u_div_r5f:divider|    ; 92 (92)           ; 0 (0)        ; 0           ; 0            ; 0       ; 0         ; 0    ; 0            ; |cpu|setDisplay:stage1|lpm_divide:Div0|lpm_divide_nhm:auto_generated|sign_div_unsign_olh:divider|alt_u_div_r5f:divider          ; work         ;
;       |lpm_divide:Div1|                   ; 40 (0)            ; 0 (0)        ; 0           ; 0            ; 0       ; 0         ; 0    ; 0            ; |cpu|setDisplay:stage1|lpm_divide:Div1                                                                                          ; work         ;
;          |lpm_divide_nhm:auto_generated|  ; 40 (0)            ; 0 (0)        ; 0           ; 0            ; 0       ; 0         ; 0    ; 0            ; |cpu|setDisplay:stage1|lpm_divide:Div1|lpm_divide_nhm:auto_generated                                                            ; work         ;
;             |sign_div_unsign_olh:divider| ; 40 (0)            ; 0 (0)        ; 0           ; 0            ; 0       ; 0         ; 0    ; 0            ; |cpu|setDisplay:stage1|lpm_divide:Div1|lpm_divide_nhm:auto_generated|sign_div_unsign_olh:divider                                ; work         ;
;                |alt_u_div_r5f:divider|    ; 40 (40)           ; 0 (0)        ; 0           ; 0            ; 0       ; 0         ; 0    ; 0            ; |cpu|setDisplay:stage1|lpm_divide:Div1|lpm_divide_nhm:auto_generated|sign_div_unsign_olh:divider|alt_u_div_r5f:divider          ; work         ;
;       |lpm_divide:Mod0|                   ; 59 (0)            ; 0 (0)        ; 0           ; 0            ; 0       ; 0         ; 0    ; 0            ; |cpu|setDisplay:stage1|lpm_divide:Mod0                                                                                          ; work         ;
;          |lpm_divide_d8m:auto_generated|  ; 59 (0)            ; 0 (0)        ; 0           ; 0            ; 0       ; 0         ; 0    ; 0            ; |cpu|setDisplay:stage1|lpm_divide:Mod0|lpm_divide_d8m:auto_generated                                                            ; work         ;
;             |sign_div_unsign_bkh:divider| ; 59 (0)            ; 0 (0)        ; 0           ; 0            ; 0       ; 0         ; 0    ; 0            ; |cpu|setDisplay:stage1|lpm_divide:Mod0|lpm_divide_d8m:auto_generated|sign_div_unsign_bkh:divider                                ; work         ;
;                |alt_u_div_13f:divider|    ; 59 (59)           ; 0 (0)        ; 0           ; 0            ; 0       ; 0         ; 0    ; 0            ; |cpu|setDisplay:stage1|lpm_divide:Mod0|lpm_divide_d8m:auto_generated|sign_div_unsign_bkh:divider|alt_u_div_13f:divider          ; work         ;
;       |lpm_divide:Mod1|                   ; 7 (0)             ; 0 (0)        ; 0           ; 0            ; 0       ; 0         ; 0    ; 0            ; |cpu|setDisplay:stage1|lpm_divide:Mod1                                                                                          ; work         ;
;          |lpm_divide_98m:auto_generated|  ; 7 (0)             ; 0 (0)        ; 0           ; 0            ; 0       ; 0         ; 0    ; 0            ; |cpu|setDisplay:stage1|lpm_divide:Mod1|lpm_divide_98m:auto_generated                                                            ; work         ;
;             |sign_div_unsign_7kh:divider| ; 7 (0)             ; 0 (0)        ; 0           ; 0            ; 0       ; 0         ; 0    ; 0            ; |cpu|setDisplay:stage1|lpm_divide:Mod1|lpm_divide_98m:auto_generated|sign_div_unsign_7kh:divider                                ; work         ;
;                |alt_u_div_p2f:divider|    ; 7 (7)             ; 0 (0)        ; 0           ; 0            ; 0       ; 0         ; 0    ; 0            ; |cpu|setDisplay:stage1|lpm_divide:Mod1|lpm_divide_98m:auto_generated|sign_div_unsign_7kh:divider|alt_u_div_p2f:divider          ; work         ;
;       |lpm_divide:Mod2|                   ; 8 (0)             ; 0 (0)        ; 0           ; 0            ; 0       ; 0         ; 0    ; 0            ; |cpu|setDisplay:stage1|lpm_divide:Mod2                                                                                          ; work         ;
;          |lpm_divide_98m:auto_generated|  ; 8 (0)             ; 0 (0)        ; 0           ; 0            ; 0       ; 0         ; 0    ; 0            ; |cpu|setDisplay:stage1|lpm_divide:Mod2|lpm_divide_98m:auto_generated                                                            ; work         ;
;             |sign_div_unsign_7kh:divider| ; 8 (0)             ; 0 (0)        ; 0           ; 0            ; 0       ; 0         ; 0    ; 0            ; |cpu|setDisplay:stage1|lpm_divide:Mod2|lpm_divide_98m:auto_generated|sign_div_unsign_7kh:divider                                ; work         ;
;                |alt_u_div_p2f:divider|    ; 8 (8)             ; 0 (0)        ; 0           ; 0            ; 0       ; 0         ; 0    ; 0            ; |cpu|setDisplay:stage1|lpm_divide:Mod2|lpm_divide_98m:auto_generated|sign_div_unsign_7kh:divider|alt_u_div_p2f:divider          ; work         ;
;    |setImmValueDisplay:immDis1|           ; 243 (37)          ; 21 (21)      ; 0           ; 0            ; 0       ; 0         ; 0    ; 0            ; |cpu|setImmValueDisplay:immDis1                                                                                                 ; work         ;
;       |lpm_divide:Div0|                   ; 92 (0)            ; 0 (0)        ; 0           ; 0            ; 0       ; 0         ; 0    ; 0            ; |cpu|setImmValueDisplay:immDis1|lpm_divide:Div0                                                                                 ; work         ;
;          |lpm_divide_nhm:auto_generated|  ; 92 (0)            ; 0 (0)        ; 0           ; 0            ; 0       ; 0         ; 0    ; 0            ; |cpu|setImmValueDisplay:immDis1|lpm_divide:Div0|lpm_divide_nhm:auto_generated                                                   ; work         ;
;             |sign_div_unsign_olh:divider| ; 92 (0)            ; 0 (0)        ; 0           ; 0            ; 0       ; 0         ; 0    ; 0            ; |cpu|setImmValueDisplay:immDis1|lpm_divide:Div0|lpm_divide_nhm:auto_generated|sign_div_unsign_olh:divider                       ; work         ;
;                |alt_u_div_r5f:divider|    ; 92 (92)           ; 0 (0)        ; 0           ; 0            ; 0       ; 0         ; 0    ; 0            ; |cpu|setImmValueDisplay:immDis1|lpm_divide:Div0|lpm_divide_nhm:auto_generated|sign_div_unsign_olh:divider|alt_u_div_r5f:divider ; work         ;
;       |lpm_divide:Div1|                   ; 40 (0)            ; 0 (0)        ; 0           ; 0            ; 0       ; 0         ; 0    ; 0            ; |cpu|setImmValueDisplay:immDis1|lpm_divide:Div1                                                                                 ; work         ;
;          |lpm_divide_nhm:auto_generated|  ; 40 (0)            ; 0 (0)        ; 0           ; 0            ; 0       ; 0         ; 0    ; 0            ; |cpu|setImmValueDisplay:immDis1|lpm_divide:Div1|lpm_divide_nhm:auto_generated                                                   ; work         ;
;             |sign_div_unsign_olh:divider| ; 40 (0)            ; 0 (0)        ; 0           ; 0            ; 0       ; 0         ; 0    ; 0            ; |cpu|setImmValueDisplay:immDis1|lpm_divide:Div1|lpm_divide_nhm:auto_generated|sign_div_unsign_olh:divider                       ; work         ;
;                |alt_u_div_r5f:divider|    ; 40 (40)           ; 0 (0)        ; 0           ; 0            ; 0       ; 0         ; 0    ; 0            ; |cpu|setImmValueDisplay:immDis1|lpm_divide:Div1|lpm_divide_nhm:auto_generated|sign_div_unsign_olh:divider|alt_u_div_r5f:divider ; work         ;
;       |lpm_divide:Mod0|                   ; 59 (0)            ; 0 (0)        ; 0           ; 0            ; 0       ; 0         ; 0    ; 0            ; |cpu|setImmValueDisplay:immDis1|lpm_divide:Mod0                                                                                 ; work         ;
;          |lpm_divide_d8m:auto_generated|  ; 59 (0)            ; 0 (0)        ; 0           ; 0            ; 0       ; 0         ; 0    ; 0            ; |cpu|setImmValueDisplay:immDis1|lpm_divide:Mod0|lpm_divide_d8m:auto_generated                                                   ; work         ;
;             |sign_div_unsign_bkh:divider| ; 59 (0)            ; 0 (0)        ; 0           ; 0            ; 0       ; 0         ; 0    ; 0            ; |cpu|setImmValueDisplay:immDis1|lpm_divide:Mod0|lpm_divide_d8m:auto_generated|sign_div_unsign_bkh:divider                       ; work         ;
;                |alt_u_div_13f:divider|    ; 59 (59)           ; 0 (0)        ; 0           ; 0            ; 0       ; 0         ; 0    ; 0            ; |cpu|setImmValueDisplay:immDis1|lpm_divide:Mod0|lpm_divide_d8m:auto_generated|sign_div_unsign_bkh:divider|alt_u_div_13f:divider ; work         ;
;       |lpm_divide:Mod1|                   ; 7 (0)             ; 0 (0)        ; 0           ; 0            ; 0       ; 0         ; 0    ; 0            ; |cpu|setImmValueDisplay:immDis1|lpm_divide:Mod1                                                                                 ; work         ;
;          |lpm_divide_98m:auto_generated|  ; 7 (0)             ; 0 (0)        ; 0           ; 0            ; 0       ; 0         ; 0    ; 0            ; |cpu|setImmValueDisplay:immDis1|lpm_divide:Mod1|lpm_divide_98m:auto_generated                                                   ; work         ;
;             |sign_div_unsign_7kh:divider| ; 7 (0)             ; 0 (0)        ; 0           ; 0            ; 0       ; 0         ; 0    ; 0            ; |cpu|setImmValueDisplay:immDis1|lpm_divide:Mod1|lpm_divide_98m:auto_generated|sign_div_unsign_7kh:divider                       ; work         ;
;                |alt_u_div_p2f:divider|    ; 7 (7)             ; 0 (0)        ; 0           ; 0            ; 0       ; 0         ; 0    ; 0            ; |cpu|setImmValueDisplay:immDis1|lpm_divide:Mod1|lpm_divide_98m:auto_generated|sign_div_unsign_7kh:divider|alt_u_div_p2f:divider ; work         ;
;       |lpm_divide:Mod2|                   ; 8 (0)             ; 0 (0)        ; 0           ; 0            ; 0       ; 0         ; 0    ; 0            ; |cpu|setImmValueDisplay:immDis1|lpm_divide:Mod2                                                                                 ; work         ;
;          |lpm_divide_98m:auto_generated|  ; 8 (0)             ; 0 (0)        ; 0           ; 0            ; 0       ; 0         ; 0    ; 0            ; |cpu|setImmValueDisplay:immDis1|lpm_divide:Mod2|lpm_divide_98m:auto_generated                                                   ; work         ;
;             |sign_div_unsign_7kh:divider| ; 8 (0)             ; 0 (0)        ; 0           ; 0            ; 0       ; 0         ; 0    ; 0            ; |cpu|setImmValueDisplay:immDis1|lpm_divide:Mod2|lpm_divide_98m:auto_generated|sign_div_unsign_7kh:divider                       ; work         ;
;                |alt_u_div_p2f:divider|    ; 8 (8)             ; 0 (0)        ; 0           ; 0            ; 0       ; 0         ; 0    ; 0            ; |cpu|setImmValueDisplay:immDis1|lpm_divide:Mod2|lpm_divide_98m:auto_generated|sign_div_unsign_7kh:divider|alt_u_div_p2f:divider ; work         ;
;    |setOpCodeDisplay:op1|                 ; 23 (23)           ; 23 (23)      ; 0           ; 0            ; 0       ; 0         ; 0    ; 0            ; |cpu|setOpCodeDisplay:op1                                                                                                       ; work         ;
;    |setRegDisplay:regDis1|                ; 7 (7)             ; 7 (7)        ; 0           ; 0            ; 0       ; 0         ; 0    ; 0            ; |cpu|setRegDisplay:regDis1                                                                                                      ; work         ;
;    |setRegDisplay:regDis2|                ; 7 (7)             ; 7 (7)        ; 0           ; 0            ; 0       ; 0         ; 0    ; 0            ; |cpu|setRegDisplay:regDis2                                                                                                      ; work         ;
+-------------------------------------------+-------------------+--------------+-------------+--------------+---------+-----------+------+--------------+---------------------------------------------------------------------------------------------------------------------------------+--------------+
Note: For table entries with two numbers listed, the numbers in parentheses indicate the number of resources of the given type used by the specific entity alone. The numbers listed outside of parentheses indicate the total resources of the given type used by the specific entity and all of its sub-entities in the hierarchy.


+------------------------------------------------------------------------------------------+
; Registers Removed During Synthesis                                                       ;
+-------------------------------------------+----------------------------------------------+
; Register name                             ; Reason for Removal                           ;
+-------------------------------------------+----------------------------------------------+
; setDisplay:stage1|display3[7]             ; Stuck at VCC due to stuck port data_in       ;
; setDisplay:stage1|display3[1..6]          ; Stuck at GND due to stuck port data_in       ;
; setImmValueDisplay:immDis1|display3[7]    ; Stuck at VCC due to stuck port data_in       ;
; setImmValueDisplay:immDis1|display3[1..6] ; Stuck at GND due to stuck port data_in       ;
; setRegDisplay:regDis2|display1[6,7]       ; Stuck at GND due to stuck port data_in       ;
; setRegDisplay:regDis2|display1[5]         ; Stuck at VCC due to stuck port data_in       ;
; setRegDisplay:regDis2|display1[1..4]      ; Stuck at GND due to stuck port data_in       ;
; setRegDisplay:regDis2|display2[4..7]      ; Stuck at GND due to stuck port data_in       ;
; setRegDisplay:regDis2|display2[2,3]       ; Stuck at VCC due to stuck port data_in       ;
; setRegDisplay:regDis2|display2[1]         ; Stuck at GND due to stuck port data_in       ;
; setRegDisplay:regDis2|display3[7]         ; Stuck at GND due to stuck port data_in       ;
; setRegDisplay:regDis2|display3[6]         ; Stuck at VCC due to stuck port data_in       ;
; setRegDisplay:regDis2|display3[5]         ; Stuck at GND due to stuck port data_in       ;
; setRegDisplay:regDis2|display3[1..4]      ; Stuck at VCC due to stuck port data_in       ;
; setRegDisplay:regDis1|display1[6,7]       ; Stuck at GND due to stuck port data_in       ;
; setRegDisplay:regDis1|display1[5]         ; Stuck at VCC due to stuck port data_in       ;
; setRegDisplay:regDis1|display1[1..4]      ; Stuck at GND due to stuck port data_in       ;
; setRegDisplay:regDis1|display2[4..7]      ; Stuck at GND due to stuck port data_in       ;
; setRegDisplay:regDis1|display2[2,3]       ; Stuck at VCC due to stuck port data_in       ;
; setRegDisplay:regDis1|display2[1]         ; Stuck at GND due to stuck port data_in       ;
; setRegDisplay:regDis1|display3[7]         ; Stuck at GND due to stuck port data_in       ;
; setRegDisplay:regDis1|display3[6]         ; Stuck at VCC due to stuck port data_in       ;
; setRegDisplay:regDis1|display3[5]         ; Stuck at GND due to stuck port data_in       ;
; setRegDisplay:regDis1|display3[1..4]      ; Stuck at VCC due to stuck port data_in       ;
; setOpCodeDisplay:op1|display3[3]          ; Stuck at VCC due to stuck port data_in       ;
; setOpCodeDisplay:op1|display0[5]          ; Stuck at GND due to stuck port data_in       ;
; setOpCodeDisplay:op1|display3[2]          ; Stuck at VCC due to stuck port data_in       ;
; setOpCodeDisplay:op1|display3[6]          ; Merged with setOpCodeDisplay:op1|display3[4] ;
; setOpCodeDisplay:op1|display0[1]          ; Merged with setOpCodeDisplay:op1|display1[3] ;
; leds3[6]~reg0                             ; Merged with leds3[4]~reg0                    ;
; leds3[3]~reg0                             ; Merged with leds3[2]~reg0                    ;
; Q[2]                                      ; Stuck at GND due to stuck port data_in       ;
; Total Number of Removed Registers = 64    ;                                              ;
+-------------------------------------------+----------------------------------------------+


+------------------------------------------------------+
; General Register Statistics                          ;
+----------------------------------------------+-------+
; Statistic                                    ; Value ;
+----------------------------------------------+-------+
; Total registers                              ; 244   ;
; Number of registers using Synchronous Clear  ; 2     ;
; Number of registers using Synchronous Load   ; 67    ;
; Number of registers using Asynchronous Clear ; 0     ;
; Number of registers using Asynchronous Load  ; 0     ;
; Number of registers using Clock Enable       ; 180   ;
; Number of registers using Preset             ; 0     ;
+----------------------------------------------+-------+


+--------------------------------------------------+
; Inverted Register Statistics                     ;
+----------------------------------------+---------+
; Inverted Register                      ; Fan out ;
+----------------------------------------+---------+
; alu:comb_197|reg0[1]                   ; 5       ;
; alu:comb_197|reg7[2]                   ; 3       ;
; alu:comb_197|reg2[2]                   ; 3       ;
; alu:comb_197|reg1[2]                   ; 4       ;
; alu:comb_197|reg7[0]                   ; 4       ;
; alu:comb_197|reg7[6]                   ; 3       ;
; alu:comb_197|reg2[5]                   ; 3       ;
; alu:comb_197|reg7[3]                   ; 3       ;
; alu:comb_197|reg2[3]                   ; 3       ;
; Total number of inverted registers = 9 ;         ;
+----------------------------------------+---------+


+-----------------------------------------------------------------------------------------------------------------------------------------------------------+
; Multiplexer Restructuring Statistics (Restructuring Performed)                                                                                            ;
+--------------------+-----------+---------------+----------------------+------------------------+------------+---------------------------------------------+
; Multiplexer Inputs ; Bus Width ; Baseline Area ; Area if Restructured ; Saving if Restructured ; Registered ; Example Multiplexer Output                  ;
+--------------------+-----------+---------------+----------------------+------------------------+------------+---------------------------------------------+
; 3:1                ; 8 bits    ; 16 LEs        ; 8 LEs                ; 8 LEs                  ; Yes        ; |cpu|alu:comb_197|reg6[7]                   ;
; 3:1                ; 8 bits    ; 16 LEs        ; 8 LEs                ; 8 LEs                  ; Yes        ; |cpu|alu:comb_197|reg5[1]                   ;
; 6:1                ; 3 bits    ; 12 LEs        ; 9 LEs                ; 3 LEs                  ; Yes        ; |cpu|leds3[4]~reg0                          ;
; 6:1                ; 14 bits   ; 56 LEs        ; 42 LEs               ; 14 LEs                 ; Yes        ; |cpu|leds2[7]~reg0                          ;
; 6:1                ; 6 bits    ; 24 LEs        ; 18 LEs               ; 6 LEs                  ; Yes        ; |cpu|leds0[1]~reg0                          ;
; 16:1               ; 7 bits    ; 70 LEs        ; 42 LEs               ; 28 LEs                 ; Yes        ; |cpu|setImmValueDisplay:immDis1|display0[7] ;
; 16:1               ; 7 bits    ; 70 LEs        ; 42 LEs               ; 28 LEs                 ; Yes        ; |cpu|setImmValueDisplay:immDis1|display1[6] ;
; 16:1               ; 7 bits    ; 70 LEs        ; 42 LEs               ; 28 LEs                 ; Yes        ; |cpu|setImmValueDisplay:immDis1|display2[6] ;
; 16:1               ; 7 bits    ; 70 LEs        ; 42 LEs               ; 28 LEs                 ; Yes        ; |cpu|setDisplay:stage1|display0[4]          ;
; 16:1               ; 7 bits    ; 70 LEs        ; 42 LEs               ; 28 LEs                 ; Yes        ; |cpu|setDisplay:stage1|display1[2]          ;
; 16:1               ; 7 bits    ; 70 LEs        ; 42 LEs               ; 28 LEs                 ; Yes        ; |cpu|setDisplay:stage1|display2[7]          ;
; 5:1                ; 8 bits    ; 24 LEs        ; 16 LEs               ; 8 LEs                  ; Yes        ; |cpu|alu:comb_197|reg4[2]                   ;
; 5:1                ; 8 bits    ; 24 LEs        ; 16 LEs               ; 8 LEs                  ; Yes        ; |cpu|alu:comb_197|reg3[5]                   ;
; 5:1                ; 5 bits    ; 15 LEs        ; 10 LEs               ; 5 LEs                  ; Yes        ; |cpu|alu:comb_197|reg2[6]                   ;
; 5:1                ; 7 bits    ; 21 LEs        ; 14 LEs               ; 7 LEs                  ; Yes        ; |cpu|alu:comb_197|reg1[5]                   ;
; 5:1                ; 7 bits    ; 21 LEs        ; 14 LEs               ; 7 LEs                  ; Yes        ; |cpu|alu:comb_197|reg0[5]                   ;
; 18:1               ; 4 bits    ; 48 LEs        ; 16 LEs               ; 32 LEs                 ; Yes        ; |cpu|alu:comb_197|reg7[1]                   ;
; 17:1               ; 8 bits    ; 88 LEs        ; 40 LEs               ; 48 LEs                 ; Yes        ; |cpu|setDisplay:stage1|displayReg[3]        ;
; 5:1                ; 3 bits    ; 9 LEs         ; 6 LEs                ; 3 LEs                  ; Yes        ; |cpu|alu:comb_197|reg2[5]                   ;
; 18:1               ; 3 bits    ; 36 LEs        ; 12 LEs               ; 24 LEs                 ; Yes        ; |cpu|alu:comb_197|reg7[6]                   ;
; 8:1                ; 8 bits    ; 40 LEs        ; 40 LEs               ; 0 LEs                  ; No         ; |cpu|alu:comb_197|Mux0                      ;
; 8:1                ; 8 bits    ; 40 LEs        ; 40 LEs               ; 0 LEs                  ; No         ; |cpu|alu:comb_197|Mux8                      ;
; 7:1                ; 6 bits    ; 24 LEs        ; 18 LEs               ; 6 LEs                  ; No         ; |cpu|alu:comb_197|Mux18                     ;
+--------------------+-----------+---------------+----------------------+------------------------+------------+---------------------------------------------+


+---------------------------------------------------------------------------------------------+
; Parameter Settings for Inferred Entity Instance: setImmValueDisplay:immDis1|lpm_divide:Div1 ;
+------------------------+----------------+---------------------------------------------------+
; Parameter Name         ; Value          ; Type                                              ;
+------------------------+----------------+---------------------------------------------------+
; LPM_WIDTHN             ; 32             ; Untyped                                           ;
; LPM_WIDTHD             ; 4              ; Untyped                                           ;
; LPM_NREPRESENTATION    ; UNSIGNED       ; Untyped                                           ;
; LPM_DREPRESENTATION    ; UNSIGNED       ; Untyped                                           ;
; LPM_PIPELINE           ; 0              ; Untyped                                           ;
; LPM_REMAINDERPOSITIVE  ; TRUE           ; Untyped                                           ;
; MAXIMIZE_SPEED         ; 5              ; Untyped                                           ;
; CBXI_PARAMETER         ; lpm_divide_nhm ; Untyped                                           ;
; CARRY_CHAIN            ; MANUAL         ; Untyped                                           ;
; OPTIMIZE_FOR_SPEED     ; 5              ; Untyped                                           ;
; AUTO_CARRY_CHAINS      ; ON             ; AUTO_CARRY                                        ;
; IGNORE_CARRY_BUFFERS   ; OFF            ; IGNORE_CARRY                                      ;
; AUTO_CASCADE_CHAINS    ; ON             ; AUTO_CASCADE                                      ;
; IGNORE_CASCADE_BUFFERS ; OFF            ; IGNORE_CASCADE                                    ;
+------------------------+----------------+---------------------------------------------------+
Note: In order to hide this table in the UI and the text report file, please set the "Show Parameter Settings in Synthesis Report" option in "Analysis and Synthesis Settings -> More Settings" to "Off".


+---------------------------------------------------------------------------------------------+
; Parameter Settings for Inferred Entity Instance: setImmValueDisplay:immDis1|lpm_divide:Mod2 ;
+------------------------+----------------+---------------------------------------------------+
; Parameter Name         ; Value          ; Type                                              ;
+------------------------+----------------+---------------------------------------------------+
; LPM_WIDTHN             ; 4              ; Untyped                                           ;
; LPM_WIDTHD             ; 4              ; Untyped                                           ;
; LPM_NREPRESENTATION    ; UNSIGNED       ; Untyped                                           ;
; LPM_DREPRESENTATION    ; UNSIGNED       ; Untyped                                           ;
; LPM_PIPELINE           ; 0              ; Untyped                                           ;
; LPM_REMAINDERPOSITIVE  ; TRUE           ; Untyped                                           ;
; MAXIMIZE_SPEED         ; 5              ; Untyped                                           ;
; CBXI_PARAMETER         ; lpm_divide_98m ; Untyped                                           ;
; CARRY_CHAIN            ; MANUAL         ; Untyped                                           ;
; OPTIMIZE_FOR_SPEED     ; 5              ; Untyped                                           ;
; AUTO_CARRY_CHAINS      ; ON             ; AUTO_CARRY                                        ;
; IGNORE_CARRY_BUFFERS   ; OFF            ; IGNORE_CARRY                                      ;
; AUTO_CASCADE_CHAINS    ; ON             ; AUTO_CASCADE                                      ;
; IGNORE_CASCADE_BUFFERS ; OFF            ; IGNORE_CASCADE                                    ;
+------------------------+----------------+---------------------------------------------------+
Note: In order to hide this table in the UI and the text report file, please set the "Show Parameter Settings in Synthesis Report" option in "Analysis and Synthesis Settings -> More Settings" to "Off".


+------------------------------------------------------------------------------------+
; Parameter Settings for Inferred Entity Instance: setDisplay:stage1|lpm_divide:Div1 ;
+------------------------+----------------+------------------------------------------+
; Parameter Name         ; Value          ; Type                                     ;
+------------------------+----------------+------------------------------------------+
; LPM_WIDTHN             ; 32             ; Untyped                                  ;
; LPM_WIDTHD             ; 4              ; Untyped                                  ;
; LPM_NREPRESENTATION    ; UNSIGNED       ; Untyped                                  ;
; LPM_DREPRESENTATION    ; UNSIGNED       ; Untyped                                  ;
; LPM_PIPELINE           ; 0              ; Untyped                                  ;
; LPM_REMAINDERPOSITIVE  ; TRUE           ; Untyped                                  ;
; MAXIMIZE_SPEED         ; 5              ; Untyped                                  ;
; CBXI_PARAMETER         ; lpm_divide_nhm ; Untyped                                  ;
; CARRY_CHAIN            ; MANUAL         ; Untyped                                  ;
; OPTIMIZE_FOR_SPEED     ; 5              ; Untyped                                  ;
; AUTO_CARRY_CHAINS      ; ON             ; AUTO_CARRY                               ;
; IGNORE_CARRY_BUFFERS   ; OFF            ; IGNORE_CARRY                             ;
; AUTO_CASCADE_CHAINS    ; ON             ; AUTO_CASCADE                             ;
; IGNORE_CASCADE_BUFFERS ; OFF            ; IGNORE_CASCADE                           ;
+------------------------+----------------+------------------------------------------+
Note: In order to hide this table in the UI and the text report file, please set the "Show Parameter Settings in Synthesis Report" option in "Analysis and Synthesis Settings -> More Settings" to "Off".


+------------------------------------------------------------------------------------+
; Parameter Settings for Inferred Entity Instance: setDisplay:stage1|lpm_divide:Mod2 ;
+------------------------+----------------+------------------------------------------+
; Parameter Name         ; Value          ; Type                                     ;
+------------------------+----------------+------------------------------------------+
; LPM_WIDTHN             ; 4              ; Untyped                                  ;
; LPM_WIDTHD             ; 4              ; Untyped                                  ;
; LPM_NREPRESENTATION    ; UNSIGNED       ; Untyped                                  ;
; LPM_DREPRESENTATION    ; UNSIGNED       ; Untyped                                  ;
; LPM_PIPELINE           ; 0              ; Untyped                                  ;
; LPM_REMAINDERPOSITIVE  ; TRUE           ; Untyped                                  ;
; MAXIMIZE_SPEED         ; 5              ; Untyped                                  ;
; CBXI_PARAMETER         ; lpm_divide_98m ; Untyped                                  ;
; CARRY_CHAIN            ; MANUAL         ; Untyped                                  ;
; OPTIMIZE_FOR_SPEED     ; 5              ; Untyped                                  ;
; AUTO_CARRY_CHAINS      ; ON             ; AUTO_CARRY                               ;
; IGNORE_CARRY_BUFFERS   ; OFF            ; IGNORE_CARRY                             ;
; AUTO_CASCADE_CHAINS    ; ON             ; AUTO_CASCADE                             ;
; IGNORE_CASCADE_BUFFERS ; OFF            ; IGNORE_CASCADE                           ;
+------------------------+----------------+------------------------------------------+
Note: In order to hide this table in the UI and the text report file, please set the "Show Parameter Settings in Synthesis Report" option in "Analysis and Synthesis Settings -> More Settings" to "Off".


+---------------------------------------------------------------------------------------------+
; Parameter Settings for Inferred Entity Instance: setImmValueDisplay:immDis1|lpm_divide:Div0 ;
+------------------------+----------------+---------------------------------------------------+
; Parameter Name         ; Value          ; Type                                              ;
+------------------------+----------------+---------------------------------------------------+
; LPM_WIDTHN             ; 32             ; Untyped                                           ;
; LPM_WIDTHD             ; 4              ; Untyped                                           ;
; LPM_NREPRESENTATION    ; UNSIGNED       ; Untyped                                           ;
; LPM_DREPRESENTATION    ; UNSIGNED       ; Untyped                                           ;
; LPM_PIPELINE           ; 0              ; Untyped                                           ;
; LPM_REMAINDERPOSITIVE  ; TRUE           ; Untyped                                           ;
; MAXIMIZE_SPEED         ; 5              ; Untyped                                           ;
; CBXI_PARAMETER         ; lpm_divide_nhm ; Untyped                                           ;
; CARRY_CHAIN            ; MANUAL         ; Untyped                                           ;
; OPTIMIZE_FOR_SPEED     ; 5              ; Untyped                                           ;
; AUTO_CARRY_CHAINS      ; ON             ; AUTO_CARRY                                        ;
; IGNORE_CARRY_BUFFERS   ; OFF            ; IGNORE_CARRY                                      ;
; AUTO_CASCADE_CHAINS    ; ON             ; AUTO_CASCADE                                      ;
; IGNORE_CASCADE_BUFFERS ; OFF            ; IGNORE_CASCADE                                    ;
+------------------------+----------------+---------------------------------------------------+
Note: In order to hide this table in the UI and the text report file, please set the "Show Parameter Settings in Synthesis Report" option in "Analysis and Synthesis Settings -> More Settings" to "Off".


+---------------------------------------------------------------------------------------------+
; Parameter Settings for Inferred Entity Instance: setImmValueDisplay:immDis1|lpm_divide:Mod1 ;
+------------------------+----------------+---------------------------------------------------+
; Parameter Name         ; Value          ; Type                                              ;
+------------------------+----------------+---------------------------------------------------+
; LPM_WIDTHN             ; 4              ; Untyped                                           ;
; LPM_WIDTHD             ; 4              ; Untyped                                           ;
; LPM_NREPRESENTATION    ; UNSIGNED       ; Untyped                                           ;
; LPM_DREPRESENTATION    ; UNSIGNED       ; Untyped                                           ;
; LPM_PIPELINE           ; 0              ; Untyped                                           ;
; LPM_REMAINDERPOSITIVE  ; TRUE           ; Untyped                                           ;
; MAXIMIZE_SPEED         ; 5              ; Untyped                                           ;
; CBXI_PARAMETER         ; lpm_divide_98m ; Untyped                                           ;
; CARRY_CHAIN            ; MANUAL         ; Untyped                                           ;
; OPTIMIZE_FOR_SPEED     ; 5              ; Untyped                                           ;
; AUTO_CARRY_CHAINS      ; ON             ; AUTO_CARRY                                        ;
; IGNORE_CARRY_BUFFERS   ; OFF            ; IGNORE_CARRY                                      ;
; AUTO_CASCADE_CHAINS    ; ON             ; AUTO_CASCADE                                      ;
; IGNORE_CASCADE_BUFFERS ; OFF            ; IGNORE_CASCADE                                    ;
+------------------------+----------------+---------------------------------------------------+
Note: In order to hide this table in the UI and the text report file, please set the "Show Parameter Settings in Synthesis Report" option in "Analysis and Synthesis Settings -> More Settings" to "Off".


+------------------------------------------------------------------------------------+
; Parameter Settings for Inferred Entity Instance: setDisplay:stage1|lpm_divide:Div0 ;
+------------------------+----------------+------------------------------------------+
; Parameter Name         ; Value          ; Type                                     ;
+------------------------+----------------+------------------------------------------+
; LPM_WIDTHN             ; 32             ; Untyped                                  ;
; LPM_WIDTHD             ; 4              ; Untyped                                  ;
; LPM_NREPRESENTATION    ; UNSIGNED       ; Untyped                                  ;
; LPM_DREPRESENTATION    ; UNSIGNED       ; Untyped                                  ;
; LPM_PIPELINE           ; 0              ; Untyped                                  ;
; LPM_REMAINDERPOSITIVE  ; TRUE           ; Untyped                                  ;
; MAXIMIZE_SPEED         ; 5              ; Untyped                                  ;
; CBXI_PARAMETER         ; lpm_divide_nhm ; Untyped                                  ;
; CARRY_CHAIN            ; MANUAL         ; Untyped                                  ;
; OPTIMIZE_FOR_SPEED     ; 5              ; Untyped                                  ;
; AUTO_CARRY_CHAINS      ; ON             ; AUTO_CARRY                               ;
; IGNORE_CARRY_BUFFERS   ; OFF            ; IGNORE_CARRY                             ;
; AUTO_CASCADE_CHAINS    ; ON             ; AUTO_CASCADE                             ;
; IGNORE_CASCADE_BUFFERS ; OFF            ; IGNORE_CASCADE                           ;
+------------------------+----------------+------------------------------------------+
Note: In order to hide this table in the UI and the text report file, please set the "Show Parameter Settings in Synthesis Report" option in "Analysis and Synthesis Settings -> More Settings" to "Off".


+------------------------------------------------------------------------------------+
; Parameter Settings for Inferred Entity Instance: setDisplay:stage1|lpm_divide:Mod1 ;
+------------------------+----------------+------------------------------------------+
; Parameter Name         ; Value          ; Type                                     ;
+------------------------+----------------+------------------------------------------+
; LPM_WIDTHN             ; 4              ; Untyped                                  ;
; LPM_WIDTHD             ; 4              ; Untyped                                  ;
; LPM_NREPRESENTATION    ; UNSIGNED       ; Untyped                                  ;
; LPM_DREPRESENTATION    ; UNSIGNED       ; Untyped                                  ;
; LPM_PIPELINE           ; 0              ; Untyped                                  ;
; LPM_REMAINDERPOSITIVE  ; TRUE           ; Untyped                                  ;
; MAXIMIZE_SPEED         ; 5              ; Untyped                                  ;
; CBXI_PARAMETER         ; lpm_divide_98m ; Untyped                                  ;
; CARRY_CHAIN            ; MANUAL         ; Untyped                                  ;
; OPTIMIZE_FOR_SPEED     ; 5              ; Untyped                                  ;
; AUTO_CARRY_CHAINS      ; ON             ; AUTO_CARRY                               ;
; IGNORE_CARRY_BUFFERS   ; OFF            ; IGNORE_CARRY                             ;
; AUTO_CASCADE_CHAINS    ; ON             ; AUTO_CASCADE                             ;
; IGNORE_CASCADE_BUFFERS ; OFF            ; IGNORE_CASCADE                           ;
+------------------------+----------------+------------------------------------------+
Note: In order to hide this table in the UI and the text report file, please set the "Show Parameter Settings in Synthesis Report" option in "Analysis and Synthesis Settings -> More Settings" to "Off".


+---------------------------------------------------------------------------------------------+
; Parameter Settings for Inferred Entity Instance: setImmValueDisplay:immDis1|lpm_divide:Mod0 ;
+------------------------+----------------+---------------------------------------------------+
; Parameter Name         ; Value          ; Type                                              ;
+------------------------+----------------+---------------------------------------------------+
; LPM_WIDTHN             ; 8              ; Untyped                                           ;
; LPM_WIDTHD             ; 4              ; Untyped                                           ;
; LPM_NREPRESENTATION    ; UNSIGNED       ; Untyped                                           ;
; LPM_DREPRESENTATION    ; UNSIGNED       ; Untyped                                           ;
; LPM_PIPELINE           ; 0              ; Untyped                                           ;
; LPM_REMAINDERPOSITIVE  ; TRUE           ; Untyped                                           ;
; MAXIMIZE_SPEED         ; 5              ; Untyped                                           ;
; CBXI_PARAMETER         ; lpm_divide_d8m ; Untyped                                           ;
; CARRY_CHAIN            ; MANUAL         ; Untyped                                           ;
; OPTIMIZE_FOR_SPEED     ; 5              ; Untyped                                           ;
; AUTO_CARRY_CHAINS      ; ON             ; AUTO_CARRY                                        ;
; IGNORE_CARRY_BUFFERS   ; OFF            ; IGNORE_CARRY                                      ;
; AUTO_CASCADE_CHAINS    ; ON             ; AUTO_CASCADE                                      ;
; IGNORE_CASCADE_BUFFERS ; OFF            ; IGNORE_CASCADE                                    ;
+------------------------+----------------+---------------------------------------------------+
Note: In order to hide this table in the UI and the text report file, please set the "Show Parameter Settings in Synthesis Report" option in "Analysis and Synthesis Settings -> More Settings" to "Off".


+------------------------------------------------------------------------------------+
; Parameter Settings for Inferred Entity Instance: setDisplay:stage1|lpm_divide:Mod0 ;
+------------------------+----------------+------------------------------------------+
; Parameter Name         ; Value          ; Type                                     ;
+------------------------+----------------+------------------------------------------+
; LPM_WIDTHN             ; 8              ; Untyped                                  ;
; LPM_WIDTHD             ; 4              ; Untyped                                  ;
; LPM_NREPRESENTATION    ; UNSIGNED       ; Untyped                                  ;
; LPM_DREPRESENTATION    ; UNSIGNED       ; Untyped                                  ;
; LPM_PIPELINE           ; 0              ; Untyped                                  ;
; LPM_REMAINDERPOSITIVE  ; TRUE           ; Untyped                                  ;
; MAXIMIZE_SPEED         ; 5              ; Untyped                                  ;
; CBXI_PARAMETER         ; lpm_divide_d8m ; Untyped                                  ;
; CARRY_CHAIN            ; MANUAL         ; Untyped                                  ;
; OPTIMIZE_FOR_SPEED     ; 5              ; Untyped                                  ;
; AUTO_CARRY_CHAINS      ; ON             ; AUTO_CARRY                               ;
; IGNORE_CARRY_BUFFERS   ; OFF            ; IGNORE_CARRY                             ;
; AUTO_CASCADE_CHAINS    ; ON             ; AUTO_CASCADE                             ;
; IGNORE_CASCADE_BUFFERS ; OFF            ; IGNORE_CASCADE                           ;
+------------------------+----------------+------------------------------------------+
Note: In order to hide this table in the UI and the text report file, please set the "Show Parameter Settings in Synthesis Report" option in "Analysis and Synthesis Settings -> More Settings" to "Off".


+----------------------------------------------------------------------------------------------------------------------------------------------------------------------------+
; Port Connectivity Checks: "setDisplay:stage1"                                                                                                                              ;
+--------+-------+----------+------------------------------------------------------------------------------------------------------------------------------------------------+
; Port   ; Type  ; Severity ; Details                                                                                                                                        ;
+--------+-------+----------+------------------------------------------------------------------------------------------------------------------------------------------------+
; regID1 ; Input ; Warning  ; Input port expression (3 bits) is smaller than the input port (4 bits) it drives.  Extra input bit(s) "regID1[3..3]" will be connected to GND. ;
; regID2 ; Input ; Warning  ; Input port expression (3 bits) is smaller than the input port (4 bits) it drives.  Extra input bit(s) "regID2[3..3]" will be connected to GND. ;
+--------+-------+----------+------------------------------------------------------------------------------------------------------------------------------------------------+


+--------------------------------------------------------------------------------------------------------------------------------------------------------------------------+
; Port Connectivity Checks: "setRegDisplay:regDis2"                                                                                                                        ;
+-------+-------+----------+-----------------------------------------------------------------------------------------------------------------------------------------------+
; Port  ; Type  ; Severity ; Details                                                                                                                                       ;
+-------+-------+----------+-----------------------------------------------------------------------------------------------------------------------------------------------+
; regID ; Input ; Warning  ; Input port expression (3 bits) is smaller than the input port (4 bits) it drives.  Extra input bit(s) "regID[3..3]" will be connected to GND. ;
+-------+-------+----------+-----------------------------------------------------------------------------------------------------------------------------------------------+


+--------------------------------------------------------------------------------------------------------------------------------------------------------------------------+
; Port Connectivity Checks: "setRegDisplay:regDis1"                                                                                                                        ;
+-------+-------+----------+-----------------------------------------------------------------------------------------------------------------------------------------------+
; Port  ; Type  ; Severity ; Details                                                                                                                                       ;
+-------+-------+----------+-----------------------------------------------------------------------------------------------------------------------------------------------+
; regID ; Input ; Warning  ; Input port expression (3 bits) is smaller than the input port (4 bits) it drives.  Extra input bit(s) "regID[3..3]" will be connected to GND. ;
+-------+-------+----------+-----------------------------------------------------------------------------------------------------------------------------------------------+


+-------------------------------+
; Elapsed Time Per Partition    ;
+----------------+--------------+
; Partition Name ; Elapsed Time ;
+----------------+--------------+
; Top            ; 00:00:15     ;
+----------------+--------------+


+-------------------------------+
; Analysis & Synthesis Messages ;
+-------------------------------+
Info: *******************************************************************
Info: Running Quartus II 64-Bit Analysis & Synthesis
    Info: Version 13.0.1 Build 232 06/12/2013 Service Pack 1 SJ Web Edition
    Info: Processing started: Mon May 09 03:44:53 2016
Info: Command: quartus_map --read_settings_files=on --write_settings_files=off cpu -c cpu
Warning (20028): Parallel compilation is not licensed and has been disabled
Info (12021): Found 4 design units, including 4 entities, in source file display.v
    Info (12023): Found entity 1: setOpCodeDisplay
    Info (12023): Found entity 2: setRegDisplay
    Info (12023): Found entity 3: setImmValueDisplay
    Info (12023): Found entity 4: setDisplay
Info (12021): Found 2 design units, including 2 entities, in source file instructionfetcher.v
    Info (12023): Found entity 1: instructionFetcher
    Info (12023): Found entity 2: instructionMemory
Warning (12019): Can't analyze file -- file output_files/alu.v is missing
Info (12021): Found 1 design units, including 1 entities, in source file alu.v
    Info (12023): Found entity 1: alu
Warning (10261): Verilog HDL Event Control warning at cpu.v(49): Event Control contains a complex event expression
Warning (12125): Using design file cpu.v, which is not specified as a design file for the current project, but contains definitions for 1 design units and 1 entities in project
    Info (12023): Found entity 1: cpu
Critical Warning (10846): Verilog HDL Instantiation warning at cpu.v(138): instance has no name
Critical Warning (10846): Verilog HDL Instantiation warning at cpu.v(143): instance has no name
Critical Warning (10846): Verilog HDL Instantiation warning at cpu.v(147): instance has no name
Info (12127): Elaborating entity "cpu" for the top level hierarchy
Warning (10036): Verilog HDL or VHDL warning at cpu.v(33): object "operate" assigned a value but never read
Warning (10855): Verilog HDL warning at cpu.v(6): initial value for variable lastPush should be constant
Info (12128): Elaborating entity "setOpCodeDisplay" for hierarchy "setOpCodeDisplay:op1"
Info (12128): Elaborating entity "setRegDisplay" for hierarchy "setRegDisplay:regDis1"
Info (12128): Elaborating entity "setImmValueDisplay" for hierarchy "setImmValueDisplay:immDis1"
Warning (10036): Verilog HDL or VHDL warning at display.v(202): object "test" assigned a value but never read
Warning (10230): Verilog HDL assignment warning at display.v(208): truncated value with size 32 to match size of target (4)
Warning (10230): Verilog HDL assignment warning at display.v(209): truncated value with size 32 to match size of target (4)
Warning (10230): Verilog HDL assignment warning at display.v(210): truncated value with size 32 to match size of target (4)
Warning (10230): Verilog HDL assignment warning at display.v(211): truncated value with size 32 to match size of target (4)
Warning (10230): Verilog HDL assignment warning at display.v(212): truncated value with size 32 to match size of target (4)
Info (12128): Elaborating entity "setDisplay" for hierarchy "setDisplay:stage1"
Warning (10230): Verilog HDL assignment warning at display.v(332): truncated value with size 32 to match size of target (4)
Warning (10230): Verilog HDL assignment warning at display.v(333): truncated value with size 32 to match size of target (4)
Warning (10230): Verilog HDL assignment warning at display.v(334): truncated value with size 32 to match size of target (4)
Warning (10230): Verilog HDL assignment warning at display.v(335): truncated value with size 32 to match size of target (4)
Warning (10230): Verilog HDL assignment warning at display.v(336): truncated value with size 32 to match size of target (4)
Info (12128): Elaborating entity "instructionFetcher" for hierarchy "instructionFetcher:comb_195"
Warning (10230): Verilog HDL assignment warning at instructionFetcher.v(21): truncated value with size 8 to match size of target (4)
Warning (10230): Verilog HDL assignment warning at instructionFetcher.v(25): truncated value with size 8 to match size of target (3)
Warning (10230): Verilog HDL assignment warning at instructionFetcher.v(28): truncated value with size 8 to match size of target (3)
Info (12128): Elaborating entity "instructionMemory" for hierarchy "instructionMemory:comb_196"
Warning (10230): Verilog HDL assignment warning at instructionFetcher.v(93): truncated value with size 32 to match size of target (4)
Info (12128): Elaborating entity "alu" for hierarchy "alu:comb_197"
Warning (10036): Verilog HDL or VHDL warning at alu.v(31): object "test" assigned a value but never read
Warning (10036): Verilog HDL or VHDL warning at alu.v(32): object "m" assigned a value but never read
Warning (10230): Verilog HDL assignment warning at alu.v(153): truncated value with size 32 to match size of target (8)
Info (278001): Inferred 10 megafunctions from design logic
    Info (278004): Inferred divider/modulo megafunction ("lpm_divide") from the following logic: "setImmValueDisplay:immDis1|Div1"
    Info (278004): Inferred divider/modulo megafunction ("lpm_divide") from the following logic: "setImmValueDisplay:immDis1|Mod2"
    Info (278004): Inferred divider/modulo megafunction ("lpm_divide") from the following logic: "setDisplay:stage1|Div1"
    Info (278004): Inferred divider/modulo megafunction ("lpm_divide") from the following logic: "setDisplay:stage1|Mod2"
    Info (278004): Inferred divider/modulo megafunction ("lpm_divide") from the following logic: "setImmValueDisplay:immDis1|Div0"
    Info (278004): Inferred divider/modulo megafunction ("lpm_divide") from the following logic: "setImmValueDisplay:immDis1|Mod1"
    Info (278004): Inferred divider/modulo megafunction ("lpm_divide") from the following logic: "setDisplay:stage1|Div0"
    Info (278004): Inferred divider/modulo megafunction ("lpm_divide") from the following logic: "setDisplay:stage1|Mod1"
    Info (278004): Inferred divider/modulo megafunction ("lpm_divide") from the following logic: "setImmValueDisplay:immDis1|Mod0"
    Info (278004): Inferred divider/modulo megafunction ("lpm_divide") from the following logic: "setDisplay:stage1|Mod0"
Info (12130): Elaborated megafunction instantiation "setImmValueDisplay:immDis1|lpm_divide:Div1"
Info (12133): Instantiated megafunction "setImmValueDisplay:immDis1|lpm_divide:Div1" with the following parameter:
    Info (12134): Parameter "LPM_WIDTHN" = "32"
    Info (12134): Parameter "LPM_WIDTHD" = "4"
    Info (12134): Parameter "LPM_NREPRESENTATION" = "UNSIGNED"
    Info (12134): Parameter "LPM_DREPRESENTATION" = "UNSIGNED"
Info (12021): Found 1 design units, including 1 entities, in source file db/lpm_divide_nhm.tdf
    Info (12023): Found entity 1: lpm_divide_nhm
Info (12021): Found 1 design units, including 1 entities, in source file db/sign_div_unsign_olh.tdf
    Info (12023): Found entity 1: sign_div_unsign_olh
Info (12021): Found 1 design units, including 1 entities, in source file db/alt_u_div_r5f.tdf
    Info (12023): Found entity 1: alt_u_div_r5f
Info (12021): Found 1 design units, including 1 entities, in source file db/add_sub_unc.tdf
    Info (12023): Found entity 1: add_sub_unc
Info (12021): Found 1 design units, including 1 entities, in source file db/add_sub_vnc.tdf
    Info (12023): Found entity 1: add_sub_vnc
Info (12130): Elaborated megafunction instantiation "setImmValueDisplay:immDis1|lpm_divide:Mod2"
Info (12133): Instantiated megafunction "setImmValueDisplay:immDis1|lpm_divide:Mod2" with the following parameter:
    Info (12134): Parameter "LPM_WIDTHN" = "4"
    Info (12134): Parameter "LPM_WIDTHD" = "4"
    Info (12134): Parameter "LPM_NREPRESENTATION" = "UNSIGNED"
    Info (12134): Parameter "LPM_DREPRESENTATION" = "UNSIGNED"
Info (12021): Found 1 design units, including 1 entities, in source file db/lpm_divide_98m.tdf
    Info (12023): Found entity 1: lpm_divide_98m
Info (12021): Found 1 design units, including 1 entities, in source file db/sign_div_unsign_7kh.tdf
    Info (12023): Found entity 1: sign_div_unsign_7kh
Info (12021): Found 1 design units, including 1 entities, in source file db/alt_u_div_p2f.tdf
    Info (12023): Found entity 1: alt_u_div_p2f
Info (12130): Elaborated megafunction instantiation "setImmValueDisplay:immDis1|lpm_divide:Mod0"
Info (12133): Instantiated megafunction "setImmValueDisplay:immDis1|lpm_divide:Mod0" with the following parameter:
    Info (12134): Parameter "LPM_WIDTHN" = "8"
    Info (12134): Parameter "LPM_WIDTHD" = "4"
    Info (12134): Parameter "LPM_NREPRESENTATION" = "UNSIGNED"
    Info (12134): Parameter "LPM_DREPRESENTATION" = "UNSIGNED"
Info (12021): Found 1 design units, including 1 entities, in source file db/lpm_divide_d8m.tdf
    Info (12023): Found entity 1: lpm_divide_d8m
Info (12021): Found 1 design units, including 1 entities, in source file db/sign_div_unsign_bkh.tdf
    Info (12023): Found entity 1: sign_div_unsign_bkh
Info (12021): Found 1 design units, including 1 entities, in source file db/alt_u_div_13f.tdf
    Info (12023): Found entity 1: alt_u_div_13f
Warning (12241): 3 hierarchies have connectivity warnings - see the Connectivity Checks report folder
Warning (13024): Output pins are stuck at VCC or GND
    Warning (13410): Pin "LED8" is stuck at GND
Info (286030): Timing-Driven Synthesis is running
Info (17016): Found the following redundant logic cells in design
    Info (17048): Logic cell "setImmValueDisplay:immDis1|lpm_divide:Mod2|lpm_divide_98m:auto_generated|sign_div_unsign_7kh:divider|alt_u_div_p2f:divider|add_sub_3_result_int[0]~8"
    Info (17048): Logic cell "setDisplay:stage1|lpm_divide:Mod2|lpm_divide_98m:auto_generated|sign_div_unsign_7kh:divider|alt_u_div_p2f:divider|add_sub_3_result_int[0]~8"
Info (144001): Generated suppressed messages file C:/Users/Jake/Desktop/cpu-project/output_files/cpu.map.smsg
Info (16010): Generating hard_block partition "hard_block:auto_generated_inst"
    Info (16011): Adding 0 node(s), including 0 DDIO, 0 PLL, 0 transceiver and 0 LCELL
Info (21057): Implemented 1021 device resources after synthesis - the final resource count might be different
    Info (21058): Implemented 13 input pins
    Info (21059): Implemented 32 output pins
    Info (21061): Implemented 976 logic cells
Info: Quartus II 64-Bit Analysis & Synthesis was successful. 0 errors, 30 warnings
    Info: Peak virtual memory: 506 megabytes
    Info: Processing ended: Mon May 09 03:45:17 2016
    Info: Elapsed time: 00:00:24
    Info: Total CPU time (on all processors): 00:00:22


+------------------------------------------+
; Analysis & Synthesis Suppressed Messages ;
+------------------------------------------+
The suppressed messages can be found in C:/Users/Jake/Desktop/cpu-project/output_files/cpu.map.smsg.


